TN:
SF:src\router.ts
FN:29,(anonymous_0)
FN:41,(anonymous_1)
FNF:2
FNH:1
FNDA:3,(anonymous_0)
FNDA:0,(anonymous_1)
DA:6,2
DA:7,2
DA:8,2
DA:9,2
DA:12,2
DA:15,2
DA:17,2
DA:22,2
DA:29,3
DA:35,2
DA:41,0
DA:48,2
DA:53,2
DA:59,2
LF:14
LH:13
BRF:0
BRH:0
end_of_record
TN:
SF:src\server.ts
FN:9,(anonymous_1)
FN:34,(anonymous_2)
FNF:2
FNH:2
FNDA:2,(anonymous_1)
FNDA:1,(anonymous_2)
DA:1,2
DA:2,2
DA:3,2
DA:4,2
DA:9,2
DA:10,2
DA:12,2
DA:13,1
DA:18,0
DA:23,2
DA:27,2
DA:30,2
DA:32,2
DA:34,2
DA:35,1
DA:39,2
LF:16
LH:15
BRF:0
BRH:0
end_of_record
TN:
SF:src\config\db.ts
FNF:0
FNH:0
DA:1,2
DA:2,2
DA:4,2
DA:5,2
DA:11,2
LF:5
LH:5
BRF:0
BRH:0
end_of_record
TN:
SF:src\handlers\product.ts
FN:5,(anonymous_1)
FN:14,(anonymous_2)
FN:30,(anonymous_3)
FN:48,(anonymous_4)
FN:65,(anonymous_5)
FN:82,(anonymous_6)
FNF:6
FNH:3
FNDA:1,(anonymous_1)
FNDA:1,(anonymous_2)
FNDA:1,(anonymous_3)
FNDA:0,(anonymous_4)
FNDA:0,(anonymous_5)
FNDA:0,(anonymous_6)
DA:2,2
DA:5,2
DA:6,1
DA:7,1
DA:8,1
DA:10,0
DA:14,2
DA:16,1
DA:17,1
DA:24,1
DA:26,0
DA:30,2
DA:32,1
DA:33,1
DA:34,1
DA:36,1
DA:37,1
DA:42,0
DA:44,0
DA:48,2
DA:49,0
DA:50,0
DA:52,0
DA:53,0
DA:59,0
DA:60,0
DA:61,0
DA:65,2
DA:66,0
DA:67,0
DA:69,0
DA:70,0
DA:76,0
DA:77,0
DA:78,0
DA:82,2
DA:83,0
DA:84,0
DA:86,0
DA:87,0
DA:92,0
DA:93,0
LF:42
LH:18
BRDA:36,0,0,1
BRDA:52,1,0,0
BRDA:69,2,0,0
BRDA:86,3,0,0
BRF:4
BRH:1
end_of_record
TN:
SF:src\middleware\index.ts
FN:5,(anonymous_0)
FNF:1
FNH:1
FNDA:4,(anonymous_0)
DA:2,2
DA:5,2
DA:7,4
DA:8,4
DA:9,4
DA:10,2
DA:13,0
DA:16,2
LF:8
LH:7
BRDA:9,0,0,2
BRF:1
BRH:1
end_of_record
TN:
SF:src\models\Product.model.ts
FNF:0
FNH:0
DA:1,2
DA:8,2
DA:12,2
DA:17,2
DA:23,2
DA:26,2
LF:6
LH:6
BRF:0
BRH:0
end_of_record
